<?xml version="1.0" encoding="UTF-8"?>
<testsuite xmlns:xsi="http://www.w3.org/2001/XMLSchema-instance" xsi:noNamespaceSchemaLocation="https://maven.apache.org/surefire/maven-surefire-plugin/xsd/surefire-test-report-3.0.xsd" version="3.0" name="com.campushub.support.SupportCoursIntegrationTest" time="43.127" tests="7" errors="0" skipped="0" failures="0">
  <properties>
[...]
</properties>
  <testcase name="shouldCreateSupportWhenUserIsTeacher" classname="com.campushub.support.SupportCoursIntegrationTest" time="4.248">
    <system-out><![CDATA[21:15:08.918 [main] INFO org.springframework.test.context.support.AnnotationConfigContextLoaderUtils -- Could not detect default configuration classes for test class [com.campushub.support.SupportCoursIntegrationTest]: SupportCoursIntegrationTest does not declare any static, non-private, non-final, nested classes annotated with @Configuration.
21:15:09.408 [main] INFO org.springframework.boot.test.context.SpringBootTestContextBootstrapper -- Found @SpringBootConfiguration com.campushub.support.CampushubSupportServiceApplication for test class com.campushub.support.SupportCoursIntegrationTest
21:15:10.244 [main] INFO org.springframework.boot.devtools.restart.RestartApplicationListener -- Restart disabled due to context in which it is running

  .   ____          _            __ _ _
 /\\ / ___'_ __ _ _(_)_ __  __ _ \ \ \ \
( ( )\___ | '_ | '_| | '_ \/ _` | \ \ \ \
 \\/  ___)| |_)| | | | | || (_| |  ) ) ) )
  '  |____| .__|_| |_|_| |_\__, | / / / /
 =========|_|==============|___/=/_/_/_/
&amp#27;[32m :: Spring Boot :: &amp#27;[39m              &amp#27;[2m (v3.2.5)&amp#27;[0;39m

&amp#27;[2m2025-12-05T21:15:12.488+01:00&amp#27;[0;39m &amp#27;[32m INFO&amp#27;[0;39m &amp#27;[35m346498&amp#27;[0;39m &amp#27;[2m---&amp#27;[0;39m &amp#27;[2m[           main]&amp#27;[0;39m &amp#27;[2m&amp#27;[0;39m&amp#27;[36mc.c.support.SupportCoursIntegrationTest &amp#27;[0;39m &amp#27;[2m:&amp#27;[0;39m Starting SupportCoursIntegrationTest using Java 22 with PID 346498 (started by jordan43 in /home/jordan43/Bureau/projet/java/campushub-org/campushub-deployment/campushub-support-service)
&amp#27;[2m2025-12-05T21:15:12.496+01:00&amp#27;[0;39m &amp#27;[32m INFO&amp#27;[0;39m &amp#27;[35m346498&amp#27;[0;39m &amp#27;[2m---&amp#27;[0;39m &amp#27;[2m[           main]&amp#27;[0;39m &amp#27;[2m&amp#27;[0;39m&amp#27;[36mc.c.support.SupportCoursIntegrationTest &amp#27;[0;39m &amp#27;[2m:&amp#27;[0;39m No active profile set, falling back to 1 default profile: "default"
&amp#27;[2m2025-12-05T21:15:18.904+01:00&amp#27;[0;39m &amp#27;[32m INFO&amp#27;[0;39m &amp#27;[35m346498&amp#27;[0;39m &amp#27;[2m---&amp#27;[0;39m &amp#27;[2m[           main]&amp#27;[0;39m &amp#27;[2m&amp#27;[0;39m&amp#27;[36m.s.d.r.c.RepositoryConfigurationDelegate&amp#27;[0;39m &amp#27;[2m:&amp#27;[0;39m Bootstrapping Spring Data JPA repositories in DEFAULT mode.
&amp#27;[2m2025-12-05T21:15:19.655+01:00&amp#27;[0;39m &amp#27;[32m INFO&amp#27;[0;39m &amp#27;[35m346498&amp#27;[0;39m &amp#27;[2m---&amp#27;[0;39m &amp#27;[2m[           main]&amp#27;[0;39m &amp#27;[2m&amp#27;[0;39m&amp#27;[36m.s.d.r.c.RepositoryConfigurationDelegate&amp#27;[0;39m &amp#27;[2m:&amp#27;[0;39m Finished Spring Data repository scanning in 716 ms. Found 1 JPA repository interface.
&amp#27;[2m2025-12-05T21:15:21.352+01:00&amp#27;[0;39m &amp#27;[32m INFO&amp#27;[0;39m &amp#27;[35m346498&amp#27;[0;39m &amp#27;[2m---&amp#27;[0;39m &amp#27;[2m[           main]&amp#27;[0;39m &amp#27;[2m&amp#27;[0;39m&amp#27;[36mo.s.cloud.context.scope.GenericScope    &amp#27;[0;39m &amp#27;[2m:&amp#27;[0;39m BeanFactory id=e7118d77-3a4c-39b2-97f6-aa709a7fb821
&amp#27;[2m2025-12-05T21:15:23.230+01:00&amp#27;[0;39m &amp#27;[33m WARN&amp#27;[0;39m &amp#27;[35m346498&amp#27;[0;39m &amp#27;[2m---&amp#27;[0;39m &amp#27;[2m[           main]&amp#27;[0;39m &amp#27;[2m&amp#27;[0;39m&amp#27;[36mtrationDelegate$BeanPostProcessorChecker&amp#27;[0;39m &amp#27;[2m:&amp#27;[0;39m Bean 'org.springframework.cloud.client.loadbalancer.LoadBalancerAutoConfiguration$DeferringLoadBalancerInterceptorConfig' of type [org.springframework.cloud.client.loadbalancer.LoadBalancerAutoConfiguration$DeferringLoadBalancerInterceptorConfig] is not eligible for getting processed by all BeanPostProcessors (for example: not eligible for auto-proxying). The currently created BeanPostProcessor [lbRestClientPostProcessor] is declared through a non-static factory method on that class; consider declaring it as static instead.
&amp#27;[2m2025-12-05T21:15:23.246+01:00&amp#27;[0;39m &amp#27;[33m WARN&amp#27;[0;39m &amp#27;[35m346498&amp#27;[0;39m &amp#27;[2m---&amp#27;[0;39m &amp#27;[2m[           main]&amp#27;[0;39m &amp#27;[2m&amp#27;[0;39m&amp#27;[36mtrationDelegate$BeanPostProcessorChecker&amp#27;[0;39m &amp#27;[2m:&amp#27;[0;39m Bean 'deferringLoadBalancerInterceptor' of type [org.springframework.cloud.client.loadbalancer.DeferringLoadBalancerInterceptor] is not eligible for getting processed by all BeanPostProcessors (for example: not eligible for auto-proxying). Is this bean getting eagerly injected into a currently created BeanPostProcessor [lbRestClientPostProcessor]? Check the corresponding BeanPostProcessor declaration and its dependencies.
&amp#27;[2m2025-12-05T21:15:23.272+01:00&amp#27;[0;39m &amp#27;[33m WARN&amp#27;[0;39m &amp#27;[35m346498&amp#27;[0;39m &amp#27;[2m---&amp#27;[0;39m &amp#27;[2m[           main]&amp#27;[0;39m &amp#27;[2m&amp#27;[0;39m&amp#27;[36mtrationDelegate$BeanPostProcessorChecker&amp#27;[0;39m &amp#27;[2m:&amp#27;[0;39m Bean 'org.springframework.cloud.client.loadbalancer.reactive.LoadBalancerBeanPostProcessorAutoConfiguration' of type [org.springframework.cloud.client.loadbalancer.reactive.LoadBalancerBeanPostProcessorAutoConfiguration] is not eligible for getting processed by all BeanPostProcessors (for example: not eligible for auto-proxying). The currently created BeanPostProcessor [loadBalancerWebClientBuilderBeanPostProcessor] is declared through a non-static factory method on that class; consider declaring it as static instead.
&amp#27;[2m2025-12-05T21:15:23.281+01:00&amp#27;[0;39m &amp#27;[33m WARN&amp#27;[0;39m &amp#27;[35m346498&amp#27;[0;39m &amp#27;[2m---&amp#27;[0;39m &amp#27;[2m[           main]&amp#27;[0;39m &amp#27;[2m&amp#27;[0;39m&amp#27;[36mtrationDelegate$BeanPostProcessorChecker&amp#27;[0;39m &amp#27;[2m:&amp#27;[0;39m Bean 'org.springframework.cloud.client.loadbalancer.reactive.LoadBalancerBeanPostProcessorAutoConfiguration$ReactorDeferringLoadBalancerFilterConfig' of type [org.springframework.cloud.client.loadbalancer.reactive.LoadBalancerBeanPostProcessorAutoConfiguration$ReactorDeferringLoadBalancerFilterConfig] is not eligible for getting processed by all BeanPostProcessors (for example: not eligible for auto-proxying). Is this bean getting eagerly injected into a currently created BeanPostProcessor [loadBalancerWebClientBuilderBeanPostProcessor]? Check the corresponding BeanPostProcessor declaration and its dependencies.
&amp#27;[2m2025-12-05T21:15:23.288+01:00&amp#27;[0;39m &amp#27;[33m WARN&amp#27;[0;39m &amp#27;[35m346498&amp#27;[0;39m &amp#27;[2m---&amp#27;[0;39m &amp#27;[2m[           main]&amp#27;[0;39m &amp#27;[2m&amp#27;[0;39m&amp#27;[36mtrationDelegate$BeanPostProcessorChecker&amp#27;[0;39m &amp#27;[2m:&amp#27;[0;39m Bean 'reactorDeferringLoadBalancerExchangeFilterFunction' of type [org.springframework.cloud.client.loadbalancer.reactive.DeferringLoadBalancerExchangeFilterFunction] is not eligible for getting processed by all BeanPostProcessors (for example: not eligible for auto-proxying). Is this bean getting eagerly injected into a currently created BeanPostProcessor [loadBalancerWebClientBuilderBeanPostProcessor]? Check the corresponding BeanPostProcessor declaration and its dependencies.
&amp#27;[2m2025-12-05T21:15:24.462+01:00&amp#27;[0;39m &amp#27;[32m INFO&amp#27;[0;39m &amp#27;[35m346498&amp#27;[0;39m &amp#27;[2m---&amp#27;[0;39m &amp#27;[2m[           main]&amp#27;[0;39m &amp#27;[2m&amp#27;[0;39m&amp#27;[36mo.hibernate.jpa.internal.util.LogHelper &amp#27;[0;39m &amp#27;[2m:&amp#27;[0;39m HHH000204: Processing PersistenceUnitInfo [name: default]
&amp#27;[2m2025-12-05T21:15:24.727+01:00&amp#27;[0;39m &amp#27;[32m INFO&amp#27;[0;39m &amp#27;[35m346498&amp#27;[0;39m &amp#27;[2m---&amp#27;[0;39m &amp#27;[2m[           main]&amp#27;[0;39m &amp#27;[2m&amp#27;[0;39m&amp#27;[36morg.hibernate.Version                   &amp#27;[0;39m &amp#27;[2m:&amp#27;[0;39m HHH000412: Hibernate ORM core version 6.4.4.Final
&amp#27;[2m2025-12-05T21:15:24.832+01:00&amp#27;[0;39m &amp#27;[32m INFO&amp#27;[0;39m &amp#27;[35m346498&amp#27;[0;39m &amp#27;[2m---&amp#27;[0;39m &amp#27;[2m[           main]&amp#27;[0;39m &amp#27;[2m&amp#27;[0;39m&amp#27;[36mo.h.c.internal.RegionFactoryInitiator   &amp#27;[0;39m &amp#27;[2m:&amp#27;[0;39m HHH000026: Second-level cache disabled
&amp#27;[2m2025-12-05T21:15:25.908+01:00&amp#27;[0;39m &amp#27;[32m INFO&amp#27;[0;39m &amp#27;[35m346498&amp#27;[0;39m &amp#27;[2m---&amp#27;[0;39m &amp#27;[2m[           main]&amp#27;[0;39m &amp#27;[2m&amp#27;[0;39m&amp#27;[36mo.s.o.j.p.SpringPersistenceUnitInfo     &amp#27;[0;39m &amp#27;[2m:&amp#27;[0;39m No LoadTimeWeaver setup: ignoring JPA class transformer
&amp#27;[2m2025-12-05T21:15:26.049+01:00&amp#27;[0;39m &amp#27;[32m INFO&amp#27;[0;39m &amp#27;[35m346498&amp#27;[0;39m &amp#27;[2m---&amp#27;[0;39m &amp#27;[2m[           main]&amp#27;[0;39m &amp#27;[2m&amp#27;[0;39m&amp#27;[36mcom.zaxxer.hikari.HikariDataSource      &amp#27;[0;39m &amp#27;[2m:&amp#27;[0;39m HikariPool-1 - Starting...
&amp#27;[2m2025-12-05T21:15:26.981+01:00&amp#27;[0;39m &amp#27;[32m INFO&amp#27;[0;39m &amp#27;[35m346498&amp#27;[0;39m &amp#27;[2m---&amp#27;[0;39m &amp#27;[2m[           main]&amp#27;[0;39m &amp#27;[2m&amp#27;[0;39m&amp#27;[36mcom.zaxxer.hikari.pool.HikariPool       &amp#27;[0;39m &amp#27;[2m:&amp#27;[0;39m HikariPool-1 - Added connection conn0: url=jdbc:h2:mem:support_testdb user=SA
&amp#27;[2m2025-12-05T21:15:26.993+01:00&amp#27;[0;39m &amp#27;[32m INFO&amp#27;[0;39m &amp#27;[35m346498&amp#27;[0;39m &amp#27;[2m---&amp#27;[0;39m &amp#27;[2m[           main]&amp#27;[0;39m &amp#27;[2m&amp#27;[0;39m&amp#27;[36mcom.zaxxer.hikari.HikariDataSource      &amp#27;[0;39m &amp#27;[2m:&amp#27;[0;39m HikariPool-1 - Start completed.
&amp#27;[2m2025-12-05T21:15:27.117+01:00&amp#27;[0;39m &amp#27;[33m WARN&amp#27;[0;39m &amp#27;[35m346498&amp#27;[0;39m &amp#27;[2m---&amp#27;[0;39m &amp#27;[2m[           main]&amp#27;[0;39m &amp#27;[2m&amp#27;[0;39m&amp#27;[36morg.hibernate.orm.deprecation           &amp#27;[0;39m &amp#27;[2m:&amp#27;[0;39m HHH90000025: H2Dialect does not need to be specified explicitly using 'hibernate.dialect' (remove the property setting and it will be selected by default)
&amp#27;[2m2025-12-05T21:15:30.251+01:00&amp#27;[0;39m &amp#27;[32m INFO&amp#27;[0;39m &amp#27;[35m346498&amp#27;[0;39m &amp#27;[2m---&amp#27;[0;39m &amp#27;[2m[           main]&amp#27;[0;39m &amp#27;[2m&amp#27;[0;39m&amp#27;[36mo.h.e.t.j.p.i.JtaPlatformInitiator      &amp#27;[0;39m &amp#27;[2m:&amp#27;[0;39m HHH000489: No JTA platform available (set 'hibernate.transaction.jta.platform' to enable JTA platform integration)
Hibernate: create table support_cours (id bigint generated by default as identity, date_depot date, date_validation date, description clob, enseignant_id bigint not null, fichier_url varchar(255) not null, remarque_doyen clob, statut varchar(255) not null check (statut in ('BROUILLON','SOUMIS','EN_ATTENTE_DE_VALIDATION','VALIDÉ','REJETÉ')), titre varchar(255) not null, primary key (id))
&amp#27;[2m2025-12-05T21:15:30.503+01:00&amp#27;[0;39m &amp#27;[32m INFO&amp#27;[0;39m &amp#27;[35m346498&amp#27;[0;39m &amp#27;[2m---&amp#27;[0;39m &amp#27;[2m[           main]&amp#27;[0;39m &amp#27;[2m&amp#27;[0;39m&amp#27;[36mj.LocalContainerEntityManagerFactoryBean&amp#27;[0;39m &amp#27;[2m:&amp#27;[0;39m Initialized JPA EntityManagerFactory for persistence unit 'default'
&amp#27;[2m2025-12-05T21:15:32.858+01:00&amp#27;[0;39m &amp#27;[33m WARN&amp#27;[0;39m &amp#27;[35m346498&amp#27;[0;39m &amp#27;[2m---&amp#27;[0;39m &amp#27;[2m[           main]&amp#27;[0;39m &amp#27;[2m&amp#27;[0;39m&amp#27;[36mJpaBaseConfiguration$JpaWebConfiguration&amp#27;[0;39m &amp#27;[2m:&amp#27;[0;39m spring.jpa.open-in-view is enabled by default. Therefore, database queries may be performed during view rendering. Explicitly configure spring.jpa.open-in-view to disable this warning
&amp#27;[2m2025-12-05T21:15:33.964+01:00&amp#27;[0;39m &amp#27;[33m WARN&amp#27;[0;39m &amp#27;[35m346498&amp#27;[0;39m &amp#27;[2m---&amp#27;[0;39m &amp#27;[2m[           main]&amp#27;[0;39m &amp#27;[2m&amp#27;[0;39m&amp#27;[36m.s.s.UserDetailsServiceAutoConfiguration&amp#27;[0;39m &amp#27;[2m:&amp#27;[0;39m 

Using generated security password: 8f20c2c9-2991-4ff2-853f-8a95b4d8b190

This generated password is for development use only. Your security configuration must be updated before running your application in production.

&amp#27;[2m2025-12-05T21:15:39.512+01:00&amp#27;[0;39m &amp#27;[32m INFO&amp#27;[0;39m &amp#27;[35m346498&amp#27;[0;39m &amp#27;[2m---&amp#27;[0;39m &amp#27;[2m[           main]&amp#27;[0;39m &amp#27;[2m&amp#27;[0;39m&amp#27;[36mo.s.b.a.e.web.EndpointLinksResolver     &amp#27;[0;39m &amp#27;[2m:&amp#27;[0;39m Exposing 1 endpoint(s) beneath base path '/actuator'
&amp#27;[2m2025-12-05T21:15:39.888+01:00&amp#27;[0;39m &amp#27;[32m INFO&amp#27;[0;39m &amp#27;[35m346498&amp#27;[0;39m &amp#27;[2m---&amp#27;[0;39m &amp#27;[2m[           main]&amp#27;[0;39m &amp#27;[2m&amp#27;[0;39m&amp#27;[36mo.s.s.web.DefaultSecurityFilterChain    &amp#27;[0;39m &amp#27;[2m:&amp#27;[0;39m Will secure any request with [org.springframework.security.web.session.DisableEncodeUrlFilter@10387d6d, org.springframework.security.web.context.request.async.WebAsyncManagerIntegrationFilter@7fb539df, org.springframework.security.web.context.SecurityContextHolderFilter@537979aa, org.springframework.security.web.header.HeaderWriterFilter@5031786b, org.springframework.web.filter.CorsFilter@2c3d46d6, org.springframework.security.web.authentication.logout.LogoutFilter@10164e94, com.campushub.support.security.JwtAuthenticationFilter@55b7f0d, org.springframework.security.web.savedrequest.RequestCacheAwareFilter@18a8a40e, org.springframework.security.web.servletapi.SecurityContextHolderAwareRequestFilter@2044a11b, org.springframework.security.web.authentication.AnonymousAuthenticationFilter@127c5f20, org.springframework.security.web.session.SessionManagementFilter@18ee9a8f, org.springframework.security.web.access.ExceptionTranslationFilter@5930a229, org.springframework.security.web.access.intercept.AuthorizationFilter@630e5803]
&amp#27;[2m2025-12-05T21:15:44.283+01:00&amp#27;[0;39m &amp#27;[32m INFO&amp#27;[0;39m &amp#27;[35m346498&amp#27;[0;39m &amp#27;[2m---&amp#27;[0;39m &amp#27;[2m[           main]&amp#27;[0;39m &amp#27;[2m&amp#27;[0;39m&amp#27;[36mo.s.b.t.m.w.SpringBootMockServletContext&amp#27;[0;39m &amp#27;[2m:&amp#27;[0;39m Initializing Spring TestDispatcherServlet ''
&amp#27;[2m2025-12-05T21:15:44.284+01:00&amp#27;[0;39m &amp#27;[32m INFO&amp#27;[0;39m &amp#27;[35m346498&amp#27;[0;39m &amp#27;[2m---&amp#27;[0;39m &amp#27;[2m[           main]&amp#27;[0;39m &amp#27;[2m&amp#27;[0;39m&amp#27;[36mo.s.t.web.servlet.TestDispatcherServlet &amp#27;[0;39m &amp#27;[2m:&amp#27;[0;39m Initializing Servlet ''
&amp#27;[2m2025-12-05T21:15:44.300+01:00&amp#27;[0;39m &amp#27;[32m INFO&amp#27;[0;39m &amp#27;[35m346498&amp#27;[0;39m &amp#27;[2m---&amp#27;[0;39m &amp#27;[2m[           main]&amp#27;[0;39m &amp#27;[2m&amp#27;[0;39m&amp#27;[36mo.s.t.web.servlet.TestDispatcherServlet &amp#27;[0;39m &amp#27;[2m:&amp#27;[0;39m Completed initialization in 10 ms
&amp#27;[2m2025-12-05T21:15:44.814+01:00&amp#27;[0;39m &amp#27;[32m INFO&amp#27;[0;39m &amp#27;[35m346498&amp#27;[0;39m &amp#27;[2m---&amp#27;[0;39m &amp#27;[2m[           main]&amp#27;[0;39m &amp#27;[2m&amp#27;[0;39m&amp#27;[36mDiscoveryClientOptionalArgsConfiguration&amp#27;[0;39m &amp#27;[2m:&amp#27;[0;39m Eureka HTTP Client uses RestTemplate.
&amp#27;[2m2025-12-05T21:15:45.275+01:00&amp#27;[0;39m &amp#27;[33m WARN&amp#27;[0;39m &amp#27;[35m346498&amp#27;[0;39m &amp#27;[2m---&amp#27;[0;39m &amp#27;[2m[           main]&amp#27;[0;39m &amp#27;[2m&amp#27;[0;39m&amp#27;[36miguration$LoadBalancerCaffeineWarnLogger&amp#27;[0;39m &amp#27;[2m:&amp#27;[0;39m Spring Cloud LoadBalancer is currently working with the default cache. While this cache implementation is useful for development and tests, it's recommended to use Caffeine cache in production.You can switch to using Caffeine cache, by adding it and org.springframework.cache.caffeine.CaffeineCacheManager to the classpath.
&amp#27;[2m2025-12-05T21:15:45.628+01:00&amp#27;[0;39m &amp#27;[32m INFO&amp#27;[0;39m &amp#27;[35m346498&amp#27;[0;39m &amp#27;[2m---&amp#27;[0;39m &amp#27;[2m[           main]&amp#27;[0;39m &amp#27;[2m&amp#27;[0;39m&amp#27;[36mc.c.support.SupportCoursIntegrationTest &amp#27;[0;39m &amp#27;[2m:&amp#27;[0;39m Started SupportCoursIntegrationTest in 35.455 seconds (process running for 40.565)
Hibernate: select sc1_0.id,sc1_0.date_depot,sc1_0.date_validation,sc1_0.description,sc1_0.enseignant_id,sc1_0.fichier_url,sc1_0.remarque_doyen,sc1_0.statut,sc1_0.titre from support_cours sc1_0
&amp#27;[2m2025-12-05T21:15:49.770+01:00&amp#27;[0;39m &amp#27;[32m INFO&amp#27;[0;39m &amp#27;[35m346498&amp#27;[0;39m &amp#27;[2m---&amp#27;[0;39m &amp#27;[2m[           main]&amp#27;[0;39m &amp#27;[2m&amp#27;[0;39m&amp#27;[36mc.c.s.service.SupportCoursServiceImpl   &amp#27;[0;39m &amp#27;[2m:&amp#27;[0;39m Authenticated user authorities: [ROLE_TEACHER]
Hibernate: insert into support_cours (date_depot,date_validation,description,enseignant_id,fichier_url,remarque_doyen,statut,titre,id) values (?,?,?,?,?,?,?,?,default)
]]></system-out>
    <system-err><![CDATA[WARNING: A Java agent has been loaded dynamically (/home/jordan43/.m2/repository/net/bytebuddy/byte-buddy-agent/1.14.13/byte-buddy-agent-1.14.13.jar)
WARNING: If a serviceability tool is in use, please run with -XX:+EnableDynamicAgentLoading to hide this warning
WARNING: If a serviceability tool is not in use, please run with -Djdk.instrument.traceUsage for more information
WARNING: Dynamic loading of agents will be disallowed by default in a future release
]]></system-err>
  </testcase>
  <testcase name="shouldAllowDeanToSeePendingSupports" classname="com.campushub.support.SupportCoursIntegrationTest" time="0.271">
    <system-out><![CDATA[Hibernate: select sc1_0.id,sc1_0.date_depot,sc1_0.date_validation,sc1_0.description,sc1_0.enseignant_id,sc1_0.fichier_url,sc1_0.remarque_doyen,sc1_0.statut,sc1_0.titre from support_cours sc1_0
Hibernate: delete from support_cours where id=?
Hibernate: insert into support_cours (date_depot,date_validation,description,enseignant_id,fichier_url,remarque_doyen,statut,titre,id) values (?,?,?,?,?,?,?,?,default)
Hibernate: select sc1_0.id,sc1_0.date_depot,sc1_0.date_validation,sc1_0.description,sc1_0.enseignant_id,sc1_0.fichier_url,sc1_0.remarque_doyen,sc1_0.statut,sc1_0.titre from support_cours sc1_0 where sc1_0.statut=?
]]></system-out>
  </testcase>
  <testcase name="shouldAllowOwnerToSubmitSupport" classname="com.campushub.support.SupportCoursIntegrationTest" time="0.147">
    <system-out><![CDATA[Hibernate: select sc1_0.id,sc1_0.date_depot,sc1_0.date_validation,sc1_0.description,sc1_0.enseignant_id,sc1_0.fichier_url,sc1_0.remarque_doyen,sc1_0.statut,sc1_0.titre from support_cours sc1_0
Hibernate: delete from support_cours where id=?
Hibernate: insert into support_cours (date_depot,date_validation,description,enseignant_id,fichier_url,remarque_doyen,statut,titre,id) values (?,?,?,?,?,?,?,?,default)
Hibernate: select sc1_0.id,sc1_0.date_depot,sc1_0.date_validation,sc1_0.description,sc1_0.enseignant_id,sc1_0.fichier_url,sc1_0.remarque_doyen,sc1_0.statut,sc1_0.titre from support_cours sc1_0 where sc1_0.id=?
Hibernate: update support_cours set date_depot=?,date_validation=?,description=?,enseignant_id=?,fichier_url=?,remarque_doyen=?,statut=?,titre=? where id=?
]]></system-out>
  </testcase>
  <testcase name="shouldForbidTeacherFromSeeingPendingSupports" classname="com.campushub.support.SupportCoursIntegrationTest" time="0.093">
    <system-out><![CDATA[Hibernate: select sc1_0.id,sc1_0.date_depot,sc1_0.date_validation,sc1_0.description,sc1_0.enseignant_id,sc1_0.fichier_url,sc1_0.remarque_doyen,sc1_0.statut,sc1_0.titre from support_cours sc1_0
Hibernate: delete from support_cours where id=?
]]></system-out>
  </testcase>
  <testcase name="shouldAllowDeanToValidateSupport" classname="com.campushub.support.SupportCoursIntegrationTest" time="0.146">
    <system-out><![CDATA[Hibernate: select sc1_0.id,sc1_0.date_depot,sc1_0.date_validation,sc1_0.description,sc1_0.enseignant_id,sc1_0.fichier_url,sc1_0.remarque_doyen,sc1_0.statut,sc1_0.titre from support_cours sc1_0
Hibernate: insert into support_cours (date_depot,date_validation,description,enseignant_id,fichier_url,remarque_doyen,statut,titre,id) values (?,?,?,?,?,?,?,?,default)
Hibernate: select sc1_0.id,sc1_0.date_depot,sc1_0.date_validation,sc1_0.description,sc1_0.enseignant_id,sc1_0.fichier_url,sc1_0.remarque_doyen,sc1_0.statut,sc1_0.titre from support_cours sc1_0 where sc1_0.id=?
Hibernate: update support_cours set date_depot=?,date_validation=?,description=?,enseignant_id=?,fichier_url=?,remarque_doyen=?,statut=?,titre=? where id=?
]]></system-out>
  </testcase>
  <testcase name="shouldForbidNonOwnerFromSubmittingSupport" classname="com.campushub.support.SupportCoursIntegrationTest" time="0.043">
    <system-out><![CDATA[Hibernate: select sc1_0.id,sc1_0.date_depot,sc1_0.date_validation,sc1_0.description,sc1_0.enseignant_id,sc1_0.fichier_url,sc1_0.remarque_doyen,sc1_0.statut,sc1_0.titre from support_cours sc1_0
Hibernate: delete from support_cours where id=?
Hibernate: insert into support_cours (date_depot,date_validation,description,enseignant_id,fichier_url,remarque_doyen,statut,titre,id) values (?,?,?,?,?,?,?,?,default)
Hibernate: select sc1_0.id,sc1_0.date_depot,sc1_0.date_validation,sc1_0.description,sc1_0.enseignant_id,sc1_0.fichier_url,sc1_0.remarque_doyen,sc1_0.statut,sc1_0.titre from support_cours sc1_0 where sc1_0.id=?
Hibernate: update support_cours set date_depot=?,date_validation=?,description=?,enseignant_id=?,fichier_url=?,remarque_doyen=?,statut=?,titre=? where id=?
]]></system-out>
  </testcase>
  <testcase name="shouldForbidCreateSupportWhenUserIsNotTeacher" classname="com.campushub.support.SupportCoursIntegrationTest" time="0.051">
    <system-out><![CDATA[Hibernate: select sc1_0.id,sc1_0.date_depot,sc1_0.date_validation,sc1_0.description,sc1_0.enseignant_id,sc1_0.fichier_url,sc1_0.remarque_doyen,sc1_0.statut,sc1_0.titre from support_cours sc1_0
Hibernate: delete from support_cours where id=?
]]></system-out>
  </testcase>
</testsuite>